{"level":"info","message":"GET /entidades-registro/enabled/true 200 330 - 24.434 ms","timestamp":"2022-10-08"}
{"level":"info","message":"GET /organismos/enabled/true 200 109 - 1.541 ms","timestamp":"2022-10-08"}
{"level":"info","message":"GET /representantes/enabled/true 200 392 - 4.210 ms","timestamp":"2022-10-08"}
{"level":"info","message":"GET /empresas-instituciones/ 200 515 - 508.327 ms","timestamp":"2022-10-08"}
{"level":"info","message":"GET /representantes/1 200 208 - 4.175 ms","timestamp":"2022-10-08"}
{"level":"info","message":"GET /entidades-registro/enabled/true 304 - - 2.697 ms","timestamp":"2022-10-08"}
{"level":"info","message":"GET /representantes/enabled/true 304 - - 2.458 ms","timestamp":"2022-10-08"}
{"level":"info","message":"GET /organismos/enabled/true 304 - - 1.959 ms","timestamp":"2022-10-08"}
{"level":"info","message":"GET /empresas-instituciones/ 304 - - 503.619 ms","timestamp":"2022-10-08"}
{"level":"info","message":"GET /entidades-registro/enabled/true 304 - - 2.396 ms","timestamp":"2022-10-08"}
{"level":"info","message":"GET /representantes/enabled/true 304 - - 2.808 ms","timestamp":"2022-10-08"}
{"level":"info","message":"GET /organismos/enabled/true 304 - - 2.395 ms","timestamp":"2022-10-08"}
{"level":"info","message":"GET /empresas-instituciones/ 304 - - 512.660 ms","timestamp":"2022-10-08"}
{"level":"info","message":"GET /entidades-registro/enabled/true 304 - - 1.716 ms","timestamp":"2022-10-08"}
{"level":"info","message":"GET /representantes/enabled/true 304 - - 1.511 ms","timestamp":"2022-10-08"}
{"level":"info","message":"GET /organismos/enabled/true 304 - - 1.299 ms","timestamp":"2022-10-08"}
{"level":"info","message":"GET /empresas-instituciones/ 304 - - 502.325 ms","timestamp":"2022-10-08"}
{"level":"info","message":"GET /entidades-registro/enabled/true 304 - - 1.977 ms","timestamp":"2022-10-08"}
{"level":"info","message":"GET /representantes/enabled/true 304 - - 2.492 ms","timestamp":"2022-10-08"}
{"level":"info","message":"GET /organismos/enabled/true 304 - - 2.601 ms","timestamp":"2022-10-08"}
{"level":"info","message":"GET /empresas-instituciones/ 304 - - 503.443 ms","timestamp":"2022-10-08"}
{"level":"info","message":"GET /entidades-registro/enabled/true 304 - - 1.752 ms","timestamp":"2022-10-08"}
{"level":"info","message":"GET /representantes/enabled/true 304 - - 1.875 ms","timestamp":"2022-10-08"}
{"level":"info","message":"GET /organismos/enabled/true 304 - - 1.263 ms","timestamp":"2022-10-08"}
{"level":"info","message":"GET /empresas-instituciones/ 304 - - 502.222 ms","timestamp":"2022-10-08"}
{"level":"info","message":"GET /entidades-registro/enabled/true 304 - - 1.288 ms","timestamp":"2022-10-08"}
{"level":"info","message":"GET /representantes/enabled/true 304 - - 1.124 ms","timestamp":"2022-10-08"}
{"level":"info","message":"GET /organismos/enabled/true 304 - - 1.118 ms","timestamp":"2022-10-08"}
{"level":"info","message":"GET /empresas-instituciones/ 304 - - 504.836 ms","timestamp":"2022-10-08"}
{"level":"info","message":"GET /entidades-registro/enabled/true 304 - - 1.506 ms","timestamp":"2022-10-08"}
{"level":"info","message":"GET /representantes/enabled/true 304 - - 2.521 ms","timestamp":"2022-10-08"}
{"level":"info","message":"GET /organismos/enabled/true 304 - - 1.198 ms","timestamp":"2022-10-08"}
{"level":"info","message":"GET /empresas-instituciones/ 304 - - 513.288 ms","timestamp":"2022-10-08"}
{"level":"info","message":"GET /condiciones 200 3076 - 21.760 ms","timestamp":"2022-10-08"}
{"level":"info","message":"GET /condiciones 304 - - 3.570 ms","timestamp":"2022-10-08"}
{"level":"info","message":"GET /condiciones 304 - - 4.482 ms","timestamp":"2022-10-08"}
{"level":"info","message":"GET /entidades-registro/enabled/true 304 - - 1.299 ms","timestamp":"2022-10-08"}
{"level":"info","message":"GET /representantes/enabled/true 304 - - 1.113 ms","timestamp":"2022-10-08"}
{"level":"info","message":"GET /organismos/enabled/true 304 - - 1.272 ms","timestamp":"2022-10-08"}
{"level":"info","message":"GET /empresas-instituciones/ 304 - - 504.373 ms","timestamp":"2022-10-08"}
{"level":"info","message":"GET /provincias 200 567 - 503.512 ms","timestamp":"2022-10-08"}
{"level":"info","message":"GET /provincias 304 - - 502.553 ms","timestamp":"2022-10-08"}
{"level":"info","message":"OPTIONS /provincias/1 204 0 - 2.018 ms","timestamp":"2022-10-08"}
{"level":"info","message":"PUT /provincias/1 201 21 - 423.080 ms","timestamp":"2022-10-08"}
{"level":"info","message":"GET /provincias 200 561 - 502.479 ms","timestamp":"2022-10-08"}
{"level":"info","message":"GET /provincias/ 200 561 - 502.605 ms","timestamp":"2022-10-08"}
{"level":"info","message":"GET /provincias/1 200 76 - 501.286 ms","timestamp":"2022-10-08"}
{"level":"info","message":"GET /provincias/enabled/true 200 299 - 1.413 ms","timestamp":"2022-10-08"}
{"level":"info","message":"GET /condiciones 304 - - 43.262 ms","timestamp":"2022-10-08"}
{"level":"info","message":"GET /condiciones 304 - - 7.837 ms","timestamp":"2022-10-08"}
{"level":"info","message":"GET /condiciones 304 - - 2.193 ms","timestamp":"2022-10-08"}
{"level":"info","message":"GET /condiciones 304 - - 2.649 ms","timestamp":"2022-10-08"}
{"level":"info","message":"GET /condiciones 304 - - 3.972 ms","timestamp":"2022-10-08"}
{"level":"info","message":"GET /condiciones 304 - - 2.800 ms","timestamp":"2022-10-08"}
{"level":"info","message":"GET /condiciones 304 - - 4.084 ms","timestamp":"2022-10-08"}
{"level":"info","message":"GET /condiciones 304 - - 2.652 ms","timestamp":"2022-10-08"}
{"level":"info","message":"GET /condiciones 304 - - 5.951 ms","timestamp":"2022-10-08"}
{"level":"info","message":"GET /condiciones 304 - - 4.192 ms","timestamp":"2022-10-08"}
{"level":"info","message":"GET /condiciones 304 - - 4.292 ms","timestamp":"2022-10-08"}
{"level":"info","message":"GET /condiciones 304 - - 3.859 ms","timestamp":"2022-10-08"}
{"level":"info","message":"GET /condiciones 304 - - 26.359 ms","timestamp":"2022-10-08"}
{"level":"info","message":"GET /condiciones 304 - - 19.889 ms","timestamp":"2022-10-08"}
{"level":"info","message":"GET /condiciones 304 - - 2.544 ms","timestamp":"2022-10-08"}
{"level":"info","message":"GET /condiciones 304 - - 2.938 ms","timestamp":"2022-10-08"}
{"level":"info","message":"GET /condiciones 304 - - 3.599 ms","timestamp":"2022-10-08"}
{"level":"info","message":"GET /condiciones 304 - - 2.722 ms","timestamp":"2022-10-08"}
{"level":"info","message":"GET /condiciones 304 - - 2.901 ms","timestamp":"2022-10-08"}
{"level":"info","message":"GET /condiciones 304 - - 6.892 ms","timestamp":"2022-10-08"}
{"level":"info","message":"GET /condiciones 304 - - 6.174 ms","timestamp":"2022-10-08"}
{"level":"info","message":"GET /condiciones 304 - - 3.804 ms","timestamp":"2022-10-08"}
{"level":"info","message":"GET /condiciones 304 - - 4.378 ms","timestamp":"2022-10-08"}
{"level":"info","message":"GET /condiciones 304 - - 5.867 ms","timestamp":"2022-10-08"}
{"level":"info","message":"GET /condiciones 304 - - 3.089 ms","timestamp":"2022-10-08"}
{"level":"info","message":"GET /condiciones 304 - - 11.488 ms","timestamp":"2022-10-08"}
{"level":"info","message":"GET /provincias 200 567 - 520.343 ms","timestamp":"2022-10-08"}
{"level":"info","message":"GET /provincias 304 - - 502.871 ms","timestamp":"2022-10-08"}
{"level":"info","message":"GET /provincias 304 - - 501.913 ms","timestamp":"2022-10-08"}
{"level":"info","message":"GET /provincias 304 - - 520.568 ms","timestamp":"2022-10-08"}
{"level":"info","message":"GET /provincias 304 - - 503.309 ms","timestamp":"2022-10-08"}
{"level":"info","message":"GET /representantes 200 394 - 513.334 ms","timestamp":"2022-10-08"}
{"level":"info","message":"GET /representantes 304 - - 507.600 ms","timestamp":"2022-10-08"}
{"level":"info","message":"GET /representantes 304 - - 505.284 ms","timestamp":"2022-10-08"}
{"level":"info","message":"GET /representantes 304 - - 509.577 ms","timestamp":"2022-10-08"}
{"level":"info","message":"GET /representantes 304 - - 503.272 ms","timestamp":"2022-10-08"}
{"level":"info","message":"GET /provincias 304 - - 523.241 ms","timestamp":"2022-10-08"}
{"level":"info","message":"GET /provincias 304 - - 503.070 ms","timestamp":"2022-10-08"}
{"level":"info","message":"GET /representantes 304 - - 510.036 ms","timestamp":"2022-10-08"}
{"level":"info","message":"GET /representantes 304 - - 522.390 ms","timestamp":"2022-10-08"}
{"level":"info","message":"GET /provincias 304 - - 522.033 ms","timestamp":"2022-10-08"}
{"level":"info","message":"GET /provincias 304 - - 502.474 ms","timestamp":"2022-10-08"}
{"level":"info","message":"GET /provincias 304 - - 502.238 ms","timestamp":"2022-10-08"}
{"level":"info","message":"GET /provincias 304 - - 519.568 ms","timestamp":"2022-10-08"}
{"level":"info","message":"GET /provincias 304 - - 502.590 ms","timestamp":"2022-10-08"}
{"level":"info","message":"GET /provincias 304 - - 502.156 ms","timestamp":"2022-10-08"}
{"level":"info","message":"GET /provincias 304 - - 507.125 ms","timestamp":"2022-10-08"}
{"level":"info","message":"GET /provincias 304 - - 503.989 ms","timestamp":"2022-10-08"}
{"level":"info","message":"GET /provincias 304 - - 515.434 ms","timestamp":"2022-10-08"}
{"level":"info","message":"GET /provincias 304 - - 514.302 ms","timestamp":"2022-10-08"}
{"level":"info","message":"GET /provincias 304 - - 502.148 ms","timestamp":"2022-10-08"}
{"level":"info","message":"GET /provincias 304 - - 502.050 ms","timestamp":"2022-10-08"}
{"level":"info","message":"GET /provincias 304 - - 503.134 ms","timestamp":"2022-10-08"}
{"level":"info","message":"GET /provincias 304 - - 513.265 ms","timestamp":"2022-10-08"}
{"level":"info","message":"GET /provincias 304 - - 515.322 ms","timestamp":"2022-10-08"}
{"level":"info","message":"GET /provincias 304 - - 502.908 ms","timestamp":"2022-10-08"}
{"level":"info","message":"GET /provincias 304 - - 507.169 ms","timestamp":"2022-10-08"}
{"level":"info","message":"GET /provincias 304 - - 502.774 ms","timestamp":"2022-10-08"}
{"level":"info","message":"GET /provincias 304 - - 504.825 ms","timestamp":"2022-10-08"}
{"level":"info","message":"GET /provincias 304 - - 514.658 ms","timestamp":"2022-10-08"}
{"level":"info","message":"GET /provincias 304 - - 502.455 ms","timestamp":"2022-10-08"}
{"level":"info","message":"GET /provincias 304 - - 505.327 ms","timestamp":"2022-10-08"}
{"level":"info","message":"GET /provincias 304 - - 522.626 ms","timestamp":"2022-10-08"}
{"level":"info","message":"GET /provincias 304 - - 504.555 ms","timestamp":"2022-10-08"}
{"level":"info","message":"GET /provincias 304 - - 502.702 ms","timestamp":"2022-10-08"}
{"level":"info","message":"GET /provincias 304 - - 501.942 ms","timestamp":"2022-10-08"}
{"level":"info","message":"GET /provincias 304 - - 514.456 ms","timestamp":"2022-10-08"}
{"level":"info","message":"GET /provincias 304 - - 503.064 ms","timestamp":"2022-10-08"}
{"level":"info","message":"GET /entidades-registro/enabled/true 304 - - 20.802 ms","timestamp":"2022-10-08"}
{"level":"info","message":"GET /representantes/enabled/true 304 - - 6.986 ms","timestamp":"2022-10-08"}
{"level":"info","message":"GET /organismos/enabled/true 304 - - 1.906 ms","timestamp":"2022-10-08"}
{"level":"info","message":"GET /empresas-instituciones/ 304 - - 503.896 ms","timestamp":"2022-10-08"}
{"level":"info","message":"GET /provincias 304 - - 504.448 ms","timestamp":"2022-10-08"}
{"level":"info","message":"GET /provincias 304 - - 502.920 ms","timestamp":"2022-10-08"}
{"level":"info","message":"GET /provincias 304 - - 503.332 ms","timestamp":"2022-10-08"}
{"level":"info","message":"GET /provincias 304 - - 515.431 ms","timestamp":"2022-10-08"}
{"level":"info","message":"GET /provincias 304 - - 501.919 ms","timestamp":"2022-10-08"}
{"level":"info","message":"GET /provincias 304 - - 503.595 ms","timestamp":"2022-10-08"}
{"level":"info","message":"GET /provincias 304 - - 501.934 ms","timestamp":"2022-10-08"}
{"level":"info","message":"GET /provincias 304 - - 502.373 ms","timestamp":"2022-10-08"}
{"level":"info","message":"GET /provincias 304 - - 503.364 ms","timestamp":"2022-10-08"}
{"level":"info","message":"GET /provincias 304 - - 504.371 ms","timestamp":"2022-10-08"}
{"level":"info","message":"GET /provincias 304 - - 510.774 ms","timestamp":"2022-10-08"}
{"level":"info","message":"GET /provincias 304 - - 521.043 ms","timestamp":"2022-10-08"}
{"level":"info","message":"GET /provincias 304 - - 502.387 ms","timestamp":"2022-10-08"}
{"level":"info","message":"GET /provincias 304 - - 502.505 ms","timestamp":"2022-10-08"}
{"level":"info","message":"GET /representantes 304 - - 510.924 ms","timestamp":"2022-10-08"}
{"level":"info","message":"GET /representantes 304 - - 511.027 ms","timestamp":"2022-10-08"}
{"level":"info","message":"GET /municipios 200 450 - 502.057 ms","timestamp":"2022-10-08"}
{"level":"info","message":"GET /organismos 200 267 - 3.618 ms","timestamp":"2022-10-08"}
{"level":"info","message":"GET /rols 200 266 - 1.730 ms","timestamp":"2022-10-08"}
{"level":"info","message":"GET /funcionalidades 200 1150 - 507.302 ms","timestamp":"2022-10-08"}
{"level":"info","message":"GET /provincias 304 - - 501.013 ms","timestamp":"2022-10-08"}
{"level":"info","message":"GET /funcionalidades 304 - - 504.313 ms","timestamp":"2022-10-08"}
{"level":"info","message":"GET /funcionalidades 304 - - 503.754 ms","timestamp":"2022-10-08"}
{"level":"info","message":"GET /funcionalidades 304 - - 505.827 ms","timestamp":"2022-10-08"}
{"level":"info","message":"GET /funcionalidades 304 - - 504.820 ms","timestamp":"2022-10-08"}
{"level":"info","message":"GET /empresas-instituciones 200 515 - 505.070 ms","timestamp":"2022-10-08"}
{"level":"info","message":"GET /empresas-instituciones 304 - - 500.980 ms","timestamp":"2022-10-08"}
{"level":"info","message":"GET /funcionarios-registro 200 317 - 502.406 ms","timestamp":"2022-10-08"}
{"level":"info","message":"GET /funcionarios-registro 304 - - 514.469 ms","timestamp":"2022-10-08"}
{"level":"info","message":"GET /users 200 192 - 2.211 ms","timestamp":"2022-10-08"}
{"level":"info","message":"GET /users 304 - - 1.212 ms","timestamp":"2022-10-08"}
{"level":"info","message":"GET /funcionarios-registro 304 - - 502.130 ms","timestamp":"2022-10-08"}
{"level":"info","message":"GET /funcionarios-registro 304 - - 503.279 ms","timestamp":"2022-10-08"}
{"level":"info","message":"GET /provincias 304 - - 524.376 ms","timestamp":"2022-10-09"}
{"level":"info","message":"GET /provincias 304 - - 504.394 ms","timestamp":"2022-10-09"}
{"level":"info","message":"GET /provincias 304 - - 502.725 ms","timestamp":"2022-10-09"}
{"level":"info","message":"GET /provincias 304 - - 502.185 ms","timestamp":"2022-10-09"}
{"level":"info","message":"GET /funcionalidades 304 - - 504.757 ms","timestamp":"2022-10-09"}
{"level":"info","message":"GET /funcionalidades 304 - - 506.556 ms","timestamp":"2022-10-09"}
{"level":"info","message":"GET /funcionalidades 304 - - 522.455 ms","timestamp":"2022-10-09"}
{"level":"info","message":"GET /funcionalidades/ 200 1150 - 503.296 ms","timestamp":"2022-10-09"}
{"level":"info","message":"GET /funcionalidades 304 - - 500.855 ms","timestamp":"2022-10-09"}
{"level":"info","message":"GET /funcionarios-registro 304 - - 508.373 ms","timestamp":"2022-10-09"}
{"level":"info","message":"GET /funcionarios-registro 304 - - 517.647 ms","timestamp":"2022-10-09"}
{"level":"info","message":"GET /representantes 304 - - 503.560 ms","timestamp":"2022-10-09"}
{"level":"info","message":"GET /representantes 304 - - 510.677 ms","timestamp":"2022-10-09"}
{"level":"info","message":"GET /entidades-registro 200 332 - 508.484 ms","timestamp":"2022-10-09"}
{"level":"info","message":"GET /funcionalidades 304 - - 502.741 ms","timestamp":"2022-10-09"}
{"level":"info","message":"GET /entidades-registro 304 - - 501.657 ms","timestamp":"2022-10-09"}
{"level":"info","message":"GET /entidades-registro 304 - - 503.173 ms","timestamp":"2022-10-09"}
{"level":"info","message":"GET /entidades-registro/enabled/true 304 - - 3.227 ms","timestamp":"2022-10-09"}
{"level":"info","message":"OPTIONS /entidades-registro 204 0 - 1.673 ms","timestamp":"2022-10-09"}
{"level":"info","message":"POST /entidades-registro 201 21 - 338.167 ms","timestamp":"2022-10-09"}
{"level":"info","message":"GET /entidades-registro 200 393 - 506.569 ms","timestamp":"2022-10-09"}
{"level":"info","message":"OPTIONS /entidades-registro/3 204 0 - 0.891 ms","timestamp":"2022-10-09"}
{"level":"info","message":"PUT /entidades-registro/3 201 21 - 3.959 ms","timestamp":"2022-10-09"}
{"level":"info","message":"GET /entidades-registro 200 388 - 504.498 ms","timestamp":"2022-10-09"}
{"level":"info","message":"GET /entidades-registro/enabled/true 200 386 - 1.984 ms","timestamp":"2022-10-09"}
{"level":"info","message":"GET /empresas-instituciones 304 - - 503.607 ms","timestamp":"2022-10-09"}
{"level":"info","message":"GET /empresas-instituciones 304 - - 501.292 ms","timestamp":"2022-10-09"}
{"level":"info","message":"GET /condiciones 304 - - 35.315 ms","timestamp":"2022-10-09"}
{"level":"info","message":"GET /rols 304 - - 2.652 ms","timestamp":"2022-10-09"}
{"level":"info","message":"GET /rols 304 - - 1.276 ms","timestamp":"2022-10-09"}
{"level":"info","message":"GET /users 304 - - 1.762 ms","timestamp":"2022-10-09"}
{"level":"info","message":"GET /users 304 - - 1.060 ms","timestamp":"2022-10-09"}
{"level":"info","message":"GET /tarifas 200 1853 - 502.937 ms","timestamp":"2022-10-09"}
{"level":"info","message":"GET /rols 304 - - 1.957 ms","timestamp":"2022-10-09"}
{"level":"info","message":"GET /estados 200 163 - 501.775 ms","timestamp":"2022-10-09"}
{"level":"info","message":"GET /estados 304 - - 503.140 ms","timestamp":"2022-10-09"}
{"level":"info","message":"GET /estados 304 - - 501.486 ms","timestamp":"2022-10-09"}
{"level":"info","message":"GET /empresas-instituciones 304 - - 502.671 ms","timestamp":"2022-10-09"}
{"level":"info","message":"GET /empresas-instituciones 304 - - 501.395 ms","timestamp":"2022-10-09"}
{"level":"info","message":"GET /condiciones 304 - - 2.849 ms","timestamp":"2022-10-09"}
{"level":"info","message":"GET /representantes 304 - - 501.778 ms","timestamp":"2022-10-09"}
{"level":"info","message":"GET /representantes 304 - - 502.148 ms","timestamp":"2022-10-09"}
{"level":"info","message":"GET /municipios 304 - - 501.684 ms","timestamp":"2022-10-09"}
{"level":"info","message":"GET /municipios 304 - - 501.820 ms","timestamp":"2022-10-09"}
{"level":"info","message":"GET /municipios 304 - - 502.235 ms","timestamp":"2022-10-09"}
{"level":"info","message":"GET /provincias 304 - - 505.019 ms","timestamp":"2022-10-09"}
{"level":"info","message":"GET /provincias 304 - - 503.424 ms","timestamp":"2022-10-09"}
{"level":"info","message":"GET /organismos 304 - - 1.645 ms","timestamp":"2022-10-09"}
{"level":"info","message":"GET /organismos 304 - - 1.507 ms","timestamp":"2022-10-09"}
{"level":"info","message":"GET /organismos 304 - - 1.109 ms","timestamp":"2022-10-09"}
{"level":"info","message":"GET /funcionalidades 304 - - 501.813 ms","timestamp":"2022-10-09"}
{"level":"info","message":"GET /funcionalidades 304 - - 501.485 ms","timestamp":"2022-10-09"}
{"level":"info","message":"GET /entidades-registro 304 - - 502.087 ms","timestamp":"2022-10-09"}
{"level":"info","message":"GET /entidades-registro 304 - - 501.970 ms","timestamp":"2022-10-09"}
{"level":"info","message":"GET /funcionarios-registro 304 - - 502.522 ms","timestamp":"2022-10-09"}
{"level":"info","message":"GET /funcionarios-registro 304 - - 515.045 ms","timestamp":"2022-10-09"}
{"level":"info","message":"GET /entidades-registro/enabled/true 304 - - 1.430 ms","timestamp":"2022-10-09"}
{"level":"info","message":"GET /representantes/enabled/true 304 - - 1.943 ms","timestamp":"2022-10-09"}
{"level":"info","message":"GET /organismos/enabled/true 304 - - 1.859 ms","timestamp":"2022-10-09"}
{"level":"info","message":"GET /empresas-instituciones/ 304 - - 502.217 ms","timestamp":"2022-10-09"}
{"level":"info","message":"GET /representantes/1 304 - - 4.170 ms","timestamp":"2022-10-09"}
{"level":"info","message":"GET /representantes/2 200 220 - 19.486 ms","timestamp":"2022-10-09"}
{"level":"info","message":"GET /condiciones 304 - - 29.641 ms","timestamp":"2022-10-09"}
{"level":"info","message":"GET /condiciones 304 - - 17.791 ms","timestamp":"2022-10-09"}
{"level":"info","message":"GET /condiciones 304 - - 2.479 ms","timestamp":"2022-10-09"}
{"level":"info","message":"GET /condiciones 304 - - 2.535 ms","timestamp":"2022-10-09"}
{"level":"info","message":"GET /condiciones 304 - - 4.013 ms","timestamp":"2022-10-09"}
{"level":"info","message":"GET /condiciones 304 - - 2.781 ms","timestamp":"2022-10-09"}
{"level":"info","message":"GET /condiciones 304 - - 3.614 ms","timestamp":"2022-10-09"}
{"level":"info","message":"GET /condiciones 304 - - 4.044 ms","timestamp":"2022-10-09"}
{"level":"info","message":"GET /condiciones 304 - - 5.237 ms","timestamp":"2022-10-09"}
{"level":"info","message":"GET /condiciones 304 - - 4.501 ms","timestamp":"2022-10-09"}
{"level":"info","message":"GET /condiciones 304 - - 36.313 ms","timestamp":"2022-10-09"}
{"level":"info","message":"GET /condiciones 304 - - 8.479 ms","timestamp":"2022-10-09"}
{"level":"info","message":"GET /condiciones 304 - - 3.020 ms","timestamp":"2022-10-09"}
{"level":"info","message":"GET /organismos 304 - - 12.689 ms","timestamp":"2022-10-09"}
{"level":"info","message":"GET /provincias 304 - - 504.133 ms","timestamp":"2022-10-09"}
{"level":"info","message":"GET /representantes/enabled/true 304 - - 9.978 ms","timestamp":"2022-10-09"}
{"level":"info","message":"GET /organismos/enabled/true 304 - - 1.919 ms","timestamp":"2022-10-09"}
{"level":"info","message":"GET /entidades-registro/enabled/true 200 330 - 3.408 ms","timestamp":"2022-10-09"}
{"level":"info","message":"GET /empresas-instituciones/ 304 - - 505.524 ms","timestamp":"2022-10-09"}
{"level":"info","message":"GET /rols 304 - - 1.124 ms","timestamp":"2022-10-09"}
{"level":"info","message":"GET /provincias 304 - - 501.477 ms","timestamp":"2022-10-09"}
{"level":"info","message":"GET /provincias 304 - - 504.029 ms","timestamp":"2022-10-09"}
{"level":"info","message":"GET /entidades-registro 200 332 - 502.660 ms","timestamp":"2022-10-09"}
{"level":"info","message":"GET /entidades-registro 304 - - 502.706 ms","timestamp":"2022-10-09"}
{"level":"info","message":"GET /empresas-instituciones 304 - - 525.806 ms","timestamp":"2022-10-10"}
{"level":"info","message":"GET /organismos 304 - - 1.782 ms","timestamp":"2022-10-10"}
{"level":"info","message":"GET /empresas-instituciones/municipio//organismo/ 404 183 - 22.870 ms","timestamp":"2022-10-10"}
{"level":"info","message":"GET /municipios 304 - - 515.277 ms","timestamp":"2022-10-10"}
{"level":"info","message":"GET /empresas-instituciones/municipio/2/organismo/1 200 35 - 503.703 ms","timestamp":"2022-10-10"}
{"level":"info","message":"GET /empresas-instituciones/municipio/1/organismo/1 200 123 - 514.307 ms","timestamp":"2022-10-10"}
{"level":"info","message":"GET /empresas-instituciones 304 - - 502.231 ms","timestamp":"2022-10-10"}
{"level":"info","message":"GET /empresas-instituciones/enabled/true 200 220 - 2.600 ms","timestamp":"2022-10-10"}
{"level":"info","message":"GET /empresas-instituciones 304 - - 503.368 ms","timestamp":"2022-10-10"}
{"level":"info","message":"GET /empresas-instituciones 304 - - 502.428 ms","timestamp":"2022-10-10"}
{"level":"info","message":"GET /empresas-instituciones 304 - - 505.923 ms","timestamp":"2022-10-10"}
{"level":"info","message":"GET /empresas-instituciones 304 - - 516.158 ms","timestamp":"2022-10-10"}
{"level":"info","message":"GET /empresas-instituciones 304 - - 503.515 ms","timestamp":"2022-10-10"}
{"level":"info","message":"GET /empresas-instituciones 304 - - 524.970 ms","timestamp":"2022-10-10"}
{"level":"info","message":"GET /empresas-instituciones 304 - - 505.692 ms","timestamp":"2022-10-10"}
{"level":"info","message":"GET /empresas-instituciones 304 - - 516.227 ms","timestamp":"2022-10-10"}
{"level":"info","message":"GET /empresas-instituciones 304 - - 501.296 ms","timestamp":"2022-10-10"}
{"level":"info","message":"GET /rols 304 - - 12.562 ms","timestamp":"2022-10-10"}
{"level":"info","message":"OPTIONS /rols/1 204 0 - 2.896 ms","timestamp":"2022-10-10"}
{"level":"info","message":"PUT /rols/1 200 21 - 271.618 ms","timestamp":"2022-10-10"}
{"level":"info","message":"GET /rols 200 267 - 1.816 ms","timestamp":"2022-10-10"}
{"level":"info","message":"GET /rols/enabled/true 200 133 - 1.977 ms","timestamp":"2022-10-10"}
{"level":"info","message":"GET /rols 304 - - 1.427 ms","timestamp":"2022-10-10"}
{"level":"info","message":"OPTIONS /rols 204 0 - 0.885 ms","timestamp":"2022-10-10"}
{"level":"info","message":"POST /rols 200 21 - 505.472 ms","timestamp":"2022-10-10"}
{"level":"info","message":"GET /rols 200 309 - 1.520 ms","timestamp":"2022-10-10"}
{"level":"info","message":"OPTIONS /rols/6 204 0 - 1.052 ms","timestamp":"2022-10-10"}
{"level":"info","message":"PUT /rols/6 200 21 - 3.232 ms","timestamp":"2022-10-10"}
{"level":"info","message":"GET /rols 200 310 - 1.267 ms","timestamp":"2022-10-10"}
{"level":"info","message":"GET /users 304 - - 4.535 ms","timestamp":"2022-10-10"}
{"level":"info","message":"GET /rols 304 - - 1.828 ms","timestamp":"2022-10-10"}
{"level":"info","message":"GET /users/rol/ 200 26 - 3.174 ms","timestamp":"2022-10-10"}
{"level":"info","message":"GET /users/rol/1 200 123 - 3.812 ms","timestamp":"2022-10-10"}
{"level":"info","message":"GET /rols/enabled/true 304 - - 1.741 ms","timestamp":"2022-10-10"}
{"level":"info","message":"GET /users 304 - - 1.566 ms","timestamp":"2022-10-10"}
{"level":"info","message":"GET /rols/enabled/true 304 - - 1.958 ms","timestamp":"2022-10-10"}
{"level":"info","message":"OPTIONS /users/1 204 0 - 0.581 ms","timestamp":"2022-10-10"}
{"level":"info","message":"PUT /users/1 201 21 - 503.948 ms","timestamp":"2022-10-10"}
{"level":"info","message":"GET /users 200 193 - 1.654 ms","timestamp":"2022-10-10"}
{"level":"info","message":"GET /rols/enabled/true 304 - - 1.600 ms","timestamp":"2022-10-10"}
{"level":"info","message":"OPTIONS /users 204 0 - 0.562 ms","timestamp":"2022-10-10"}
{"level":"info","message":"POST /users 201 21 - 236.168 ms","timestamp":"2022-10-10"}
{"level":"info","message":"GET /users 200 333 - 0.877 ms","timestamp":"2022-10-10"}
{"level":"info","message":"GET /rols/enabled/true 304 - - 1.098 ms","timestamp":"2022-10-10"}
{"level":"info","message":"GET /tarifas 304 - - 503.373 ms","timestamp":"2022-10-10"}
{"level":"info","message":"GET /tarifas 304 - - 502.356 ms","timestamp":"2022-10-10"}
{"level":"info","message":"GET /tarifas/enabled/true 200 1851 - 4.207 ms","timestamp":"2022-10-10"}
{"level":"info","message":"GET /estados 304 - - 502.915 ms","timestamp":"2022-10-10"}
{"level":"info","message":"GET /estados/enabled/true 200 161 - 1.464 ms","timestamp":"2022-10-10"}
{"level":"info","message":"GET /estados 304 - - 501.839 ms","timestamp":"2022-10-10"}
{"level":"info","message":"GET /estados 304 - - 507.643 ms","timestamp":"2022-10-10"}
{"level":"info","message":"GET /estados 304 - - 502.312 ms","timestamp":"2022-10-10"}
{"level":"info","message":"GET /empresas-instituciones 304 - - 503.035 ms","timestamp":"2022-10-10"}
{"level":"info","message":"GET /organismos 304 - - 1.516 ms","timestamp":"2022-10-10"}
{"level":"info","message":"GET /empresas-instituciones/municipio//organismo/ 404 183 - 14.938 ms","timestamp":"2022-10-10"}
{"level":"info","message":"GET /municipios 304 - - 501.579 ms","timestamp":"2022-10-10"}
{"level":"info","message":"GET /empresas-instituciones/enabled/true 304 - - 2.754 ms","timestamp":"2022-10-10"}
{"level":"info","message":"GET /empresas-instituciones 304 - - 500.727 ms","timestamp":"2022-10-10"}
{"level":"info","message":"GET /condiciones 304 - - 20.575 ms","timestamp":"2022-10-10"}
{"level":"info","message":"GET /condiciones 304 - - 2.268 ms","timestamp":"2022-10-10"}
{"level":"info","message":"GET /representantes 304 - - 502.691 ms","timestamp":"2022-10-10"}
{"level":"info","message":"GET /representantes 304 - - 501.352 ms","timestamp":"2022-10-10"}
{"level":"info","message":"GET /municipios 304 - - 503.012 ms","timestamp":"2022-10-10"}
{"level":"info","message":"GET /municipios/provincia/ 400 21 - 1.550 ms","timestamp":"2022-10-10"}
{"level":"info","message":"GET /provincias 304 - - 502.481 ms","timestamp":"2022-10-10"}
{"level":"info","message":"GET /municipios/provincia/ 400 21 - 1.231 ms","timestamp":"2022-10-10"}
{"level":"info","message":"GET /municipios/provincia/ 400 21 - 1.012 ms","timestamp":"2022-10-10"}
{"level":"info","message":"GET /provincias 304 - - 501.472 ms","timestamp":"2022-10-10"}
{"level":"info","message":"GET /municipios/provincia/ 400 21 - 1.178 ms","timestamp":"2022-10-10"}
{"level":"info","message":"GET /provincias 304 - - 501.561 ms","timestamp":"2022-10-10"}
{"level":"info","message":"GET /municipios/provincia/2 200 36 - 3.479 ms","timestamp":"2022-10-10"}
{"level":"info","message":"GET /municipios/provincia/8 200 273 - 1.368 ms","timestamp":"2022-10-10"}
{"level":"info","message":"GET /municipios/provincia/9 200 213 - 1.101 ms","timestamp":"2022-10-10"}
{"level":"info","message":"GET /municipios/provincia/8 304 - - 1.539 ms","timestamp":"2022-10-10"}
{"level":"info","message":"GET /provincias 304 - - 501.722 ms","timestamp":"2022-10-10"}
{"level":"info","message":"GET /provincias 304 - - 501.561 ms","timestamp":"2022-10-10"}
{"level":"info","message":"GET /provincias/enabled/true 200 346 - 1.675 ms","timestamp":"2022-10-10"}
{"level":"info","message":"OPTIONS /provincias/1 204 0 - 0.615 ms","timestamp":"2022-10-10"}
{"level":"info","message":"PUT /provincias/1 201 21 - 2.488 ms","timestamp":"2022-10-10"}
{"level":"info","message":"GET /provincias 200 568 - 501.858 ms","timestamp":"2022-10-10"}
{"level":"info","message":"GET /organismos 304 - - 1.331 ms","timestamp":"2022-10-10"}
{"level":"info","message":"GET /organismos 304 - - 1.059 ms","timestamp":"2022-10-10"}
{"level":"info","message":"GET /funcionarios-registro 304 - - 503.823 ms","timestamp":"2022-10-10"}
{"level":"info","message":"GET /funcionarios-registro 304 - - 502.987 ms","timestamp":"2022-10-10"}
{"level":"info","message":"GET /entidades-registro 304 - - 502.438 ms","timestamp":"2022-10-10"}
{"level":"info","message":"GET /entidades-registro 304 - - 501.113 ms","timestamp":"2022-10-10"}
{"level":"info","message":"GET /provincias 200 567 - 519.608 ms","timestamp":"2022-10-10"}
{"level":"info","message":"GET /provincias 304 - - 504.634 ms","timestamp":"2022-10-10"}
{"level":"info","message":"GET /provincias/enabled/true 304 - - 3.279 ms","timestamp":"2022-10-10"}
{"level":"info","message":"GET /users 200 192 - 14.469 ms","timestamp":"2022-10-10"}
{"level":"info","message":"GET /rols/enabled/true 200 176 - 4.973 ms","timestamp":"2022-10-10"}
{"level":"info","message":"GET /rols/enabled/true 304 - - 1.505 ms","timestamp":"2022-10-10"}
{"level":"info","message":"OPTIONS /users 204 0 - 2.895 ms","timestamp":"2022-10-10"}
{"level":"info","message":"POST /users 201 21 - 500.982 ms","timestamp":"2022-10-10"}
{"level":"info","message":"OPTIONS /login 204 0 - 0.821 ms","timestamp":"2022-10-10"}
{"level":"info","message":"POST /login 202 334 - 225.481 ms","timestamp":"2022-10-10"}
{"level":"info","message":"OPTIONS /login 204 0 - 0.541 ms","timestamp":"2022-10-10"}
{"level":"info","message":"POST /login 202 334 - 171.715 ms","timestamp":"2022-10-10"}
{"level":"info","message":"OPTIONS /users 204 0 - 7.795 ms","timestamp":"2022-10-10"}
{"level":"info","message":"GET /users 200 192 - 11.055 ms","timestamp":"2022-10-10"}
{"level":"info","message":"OPTIONS /rols/enabled/true 204 0 - 1.195 ms","timestamp":"2022-10-10"}
{"level":"info","message":"GET /rols/enabled/true 304 - - 4.343 ms","timestamp":"2022-10-10"}
{"level":"info","message":"OPTIONS /users 204 0 - 0.639 ms","timestamp":"2022-10-10"}
{"level":"info","message":"POST /users 201 21 - 575.125 ms","timestamp":"2022-10-10"}
{"level":"info","message":"OPTIONS /login 204 0 - 1.114 ms","timestamp":"2022-10-10"}
{"level":"info","message":"POST /login 202 334 - 418.859 ms","timestamp":"2022-10-10"}
{"level":"info","message":"OPTIONS /users/enabled/true 204 0 - 8.658 ms","timestamp":"2022-10-10"}
{"level":"info","message":"GET /users/enabled/true 200 190 - 12.712 ms","timestamp":"2022-10-10"}
{"level":"info","message":"OPTIONS /users 204 0 - 1.659 ms","timestamp":"2022-10-10"}
{"level":"info","message":"GET /users 200 192 - 3.537 ms","timestamp":"2022-10-10"}
{"level":"info","message":"OPTIONS /login 204 0 - 7.527 ms","timestamp":"2022-10-10"}
{"level":"info","message":"POST /login 202 332 - 261.241 ms","timestamp":"2022-10-10"}
{"level":"info","message":"OPTIONS /login 204 0 - 6.973 ms","timestamp":"2022-10-10"}
{"level":"info","message":"POST /login 202 332 - 237.731 ms","timestamp":"2022-10-10"}
{"level":"info","message":"OPTIONS /users 204 0 - 0.815 ms","timestamp":"2022-10-10"}
{"level":"info","message":"GET /users 200 325 - 5.104 ms","timestamp":"2022-10-10"}
{"level":"info","message":"OPTIONS /rols/enabled/true 204 0 - 0.624 ms","timestamp":"2022-10-10"}
{"level":"info","message":"GET /rols/enabled/true 304 - - 2.711 ms","timestamp":"2022-10-10"}
{"level":"info","message":"OPTIONS /users/enabled/true 204 0 - 3.234 ms","timestamp":"2022-10-10"}
{"level":"info","message":"GET /users/enabled/true 200 323 - 2.874 ms","timestamp":"2022-10-10"}
{"level":"info","message":"OPTIONS /users 204 0 - 1.040 ms","timestamp":"2022-10-10"}
{"level":"info","message":"GET /users 304 - - 2.292 ms","timestamp":"2022-10-10"}
{"level":"info","message":"OPTIONS /users 204 0 - 0.532 ms","timestamp":"2022-10-10"}
{"level":"info","message":"GET /users 304 - - 1.607 ms","timestamp":"2022-10-10"}
{"level":"info","message":"GET /users 304 - - 1.370 ms","timestamp":"2022-10-10"}
{"level":"info","message":"GET /funcionalidades 200 1791 - 531.028 ms","timestamp":"2022-10-10"}
{"level":"info","message":"GET /funcionalidades 304 - - 512.883 ms","timestamp":"2022-10-10"}
{"level":"info","message":"GET /funcionalidades 304 - - 502.592 ms","timestamp":"2022-10-10"}
{"level":"info","message":"GET /funcionalidades 304 - - 512.221 ms","timestamp":"2022-10-10"}
{"level":"info","message":"OPTIONS /login 204 0 - 2.278 ms","timestamp":"2022-10-10"}
{"level":"info","message":"POST /login 202 332 - 397.803 ms","timestamp":"2022-10-10"}
{"level":"info","message":"GET /funcionalidades 304 - - 514.861 ms","timestamp":"2022-10-10"}
{"level":"info","message":"GET /funcionalidades 304 - - 502.850 ms","timestamp":"2022-10-10"}
{"level":"info","message":"GET /funcionalidades 304 - - 504.396 ms","timestamp":"2022-10-10"}
{"level":"info","message":"OPTIONS /login 204 0 - 1.325 ms","timestamp":"2022-10-12"}
{"level":"info","message":"POST /login 202 332 - 153.270 ms","timestamp":"2022-10-12"}
{"level":"info","message":"GET /funcionalidades 304 - - 503.519 ms","timestamp":"2022-10-12"}
{"level":"info","message":"GET /funcionalidades 304 - - 511.390 ms","timestamp":"2022-10-12"}
{"level":"info","message":"OPTIONS /provincias 204 0 - 0.604 ms","timestamp":"2022-10-12"}
{"level":"info","message":"GET /provincias 304 - - 503.369 ms","timestamp":"2022-10-12"}
{"level":"info","message":"OPTIONS /provincias/1 204 0 - 0.516 ms","timestamp":"2022-10-12"}
{"level":"info","message":"PUT /provincias/1 201 21 - 3.752 ms","timestamp":"2022-10-12"}
{"level":"info","message":"OPTIONS /provincias 204 0 - 0.762 ms","timestamp":"2022-10-12"}
{"level":"info","message":"GET /provincias 200 568 - 501.332 ms","timestamp":"2022-10-12"}
{"level":"info","message":"OPTIONS /funcionalidades 204 0 - 0.613 ms","timestamp":"2022-10-12"}
{"level":"info","message":"GET /funcionalidades 304 - - 503.915 ms","timestamp":"2022-10-12"}
{"level":"info","message":"OPTIONS /funcionalidades 204 0 - 0.740 ms","timestamp":"2022-10-12"}
{"level":"info","message":"GET /funcionalidades 304 - - 503.062 ms","timestamp":"2022-10-12"}
{"level":"info","message":"OPTIONS /provincias 204 0 - 1.021 ms","timestamp":"2022-10-12"}
{"level":"info","message":"GET /provincias 304 - - 506.835 ms","timestamp":"2022-10-12"}
{"level":"info","message":"OPTIONS /provincias/1 204 0 - 1.097 ms","timestamp":"2022-10-12"}
{"level":"info","message":"PUT /provincias/1 201 21 - 2.303 ms","timestamp":"2022-10-12"}
{"level":"info","message":"OPTIONS /provincias 204 0 - 0.986 ms","timestamp":"2022-10-12"}
{"level":"info","message":"GET /provincias 200 561 - 509.099 ms","timestamp":"2022-10-12"}
{"level":"info","message":"OPTIONS /funcionalidades 204 0 - 0.492 ms","timestamp":"2022-10-12"}
{"level":"info","message":"GET /funcionalidades 304 - - 516.721 ms","timestamp":"2022-10-12"}
{"level":"info","message":"OPTIONS /funcionalidades 204 0 - 0.415 ms","timestamp":"2022-10-12"}
{"level":"info","message":"GET /funcionalidades 304 - - 515.441 ms","timestamp":"2022-10-12"}
{"level":"info","message":"OPTIONS /funcionalidades 204 0 - 0.599 ms","timestamp":"2022-10-12"}
{"level":"info","message":"GET /funcionalidades 304 - - 501.633 ms","timestamp":"2022-10-12"}
{"level":"info","message":"OPTIONS /funcionalidades 204 0 - 0.445 ms","timestamp":"2022-10-12"}
{"level":"info","message":"GET /funcionalidades 304 - - 510.454 ms","timestamp":"2022-10-12"}
{"level":"info","message":"OPTIONS /funcionalidades 204 0 - 0.583 ms","timestamp":"2022-10-12"}
{"level":"info","message":"GET /funcionalidades 304 - - 513.124 ms","timestamp":"2022-10-12"}
{"level":"info","message":"GET /funcionalidades 304 - - 515.366 ms","timestamp":"2022-10-12"}
{"level":"info","message":"GET /funcionalidades 304 - - 505.897 ms","timestamp":"2022-10-12"}
{"level":"info","message":"GET /funcionalidades 304 - - 506.462 ms","timestamp":"2022-10-12"}
{"level":"info","message":"GET /funcionalidades 304 - - 514.366 ms","timestamp":"2022-10-12"}
{"level":"info","message":"GET /funcionalidades 304 - - 510.025 ms","timestamp":"2022-10-12"}
{"level":"info","message":"OPTIONS /login 204 0 - 1.538 ms","timestamp":"2022-10-12"}
{"level":"info","message":"POST /login 202 332 - 193.084 ms","timestamp":"2022-10-12"}
{"level":"info","message":"GET /funcionalidades 304 - - 502.163 ms","timestamp":"2022-10-12"}
{"level":"info","message":"OPTIONS /login 204 0 - 0.575 ms","timestamp":"2022-10-12"}
{"level":"info","message":"POST /login 202 332 - 169.318 ms","timestamp":"2022-10-12"}
{"level":"info","message":"OPTIONS /login 204 0 - 0.383 ms","timestamp":"2022-10-12"}
{"level":"info","message":"POST /login 202 332 - 195.796 ms","timestamp":"2022-10-12"}
{"level":"info","message":"GET /funcionalidades 304 - - 512.806 ms","timestamp":"2022-10-12"}
{"level":"info","message":"OPTIONS /login 204 0 - 0.666 ms","timestamp":"2022-10-12"}
{"level":"info","message":"POST /login 202 332 - 189.682 ms","timestamp":"2022-10-12"}
{"level":"info","message":"GET /funcionalidades 304 - - 515.059 ms","timestamp":"2022-10-12"}
{"level":"info","message":"OPTIONS /login 204 0 - 0.489 ms","timestamp":"2022-10-12"}
{"level":"info","message":"POST /login 202 332 - 222.601 ms","timestamp":"2022-10-12"}
{"level":"info","message":"GET /funcionalidades 304 - - 502.471 ms","timestamp":"2022-10-12"}
{"level":"info","message":"OPTIONS /login 204 0 - 0.436 ms","timestamp":"2022-10-12"}
{"level":"info","message":"POST /login 202 332 - 212.414 ms","timestamp":"2022-10-12"}
{"level":"info","message":"GET /funcionalidades 304 - - 511.768 ms","timestamp":"2022-10-12"}
{"level":"info","message":"OPTIONS /login 204 0 - 6.373 ms","timestamp":"2022-10-12"}
{"level":"info","message":"POST /login 202 332 - 524.700 ms","timestamp":"2022-10-12"}
{"level":"info","message":"GET /funcionalidades 304 - - 508.334 ms","timestamp":"2022-10-12"}
{"level":"info","message":"GET /funcionalidades 304 - - 502.445 ms","timestamp":"2022-10-12"}
{"level":"info","message":"GET /funcionalidades 304 - - 503.509 ms","timestamp":"2022-10-12"}
{"level":"info","message":"GET /funcionalidades 304 - - 504.845 ms","timestamp":"2022-10-12"}
{"level":"info","message":"GET /funcionalidades - - - - ms","timestamp":"2022-10-12"}
{"level":"info","message":"GET /funcionalidades 200 1791 - 501.995 ms","timestamp":"2022-10-12"}
{"level":"info","message":"GET /funcionalidades 304 - - 507.767 ms","timestamp":"2022-10-12"}
{"level":"info","message":"GET /funcionalidades 304 - - 502.378 ms","timestamp":"2022-10-12"}
{"level":"info","message":"OPTIONS /login 204 0 - 1.192 ms","timestamp":"2022-10-12"}
{"level":"info","message":"POST /login 202 332 - 190.965 ms","timestamp":"2022-10-12"}
{"level":"info","message":"GET /funcionalidades 304 - - 503.015 ms","timestamp":"2022-10-12"}
{"level":"info","message":"GET /funcionalidades 304 - - 502.587 ms","timestamp":"2022-10-12"}
{"level":"info","message":"GET /funcionalidades 304 - - 512.000 ms","timestamp":"2022-10-12"}
{"level":"info","message":"GET /funcionalidades 304 - - 502.546 ms","timestamp":"2022-10-12"}
{"level":"info","message":"GET /funcionalidades 304 - - 502.140 ms","timestamp":"2022-10-12"}
{"level":"info","message":"GET /funcionalidades 304 - - 522.095 ms","timestamp":"2022-10-12"}
{"level":"info","message":"GET /funcionalidades 304 - - 503.385 ms","timestamp":"2022-10-12"}
{"level":"info","message":"GET /funcionalidades 304 - - 502.050 ms","timestamp":"2022-10-12"}
{"level":"info","message":"GET /funcionalidades 304 - - 500.936 ms","timestamp":"2022-10-12"}
{"level":"info","message":"GET /funcionalidades 304 - - 501.825 ms","timestamp":"2022-10-12"}
{"level":"info","message":"GET /funcionalidades 304 - - 501.646 ms","timestamp":"2022-10-12"}
{"level":"info","message":"OPTIONS /login 204 0 - 0.856 ms","timestamp":"2022-10-12"}
{"level":"info","message":"POST /login 202 332 - 186.041 ms","timestamp":"2022-10-12"}
{"level":"info","message":"GET /funcionalidades 304 - - 502.052 ms","timestamp":"2022-10-12"}
{"level":"info","message":"OPTIONS /login 204 0 - 2.638 ms","timestamp":"2022-10-12"}
{"level":"info","message":"POST /login 202 332 - 211.886 ms","timestamp":"2022-10-12"}
{"level":"info","message":"GET /funcionalidades 304 - - 504.457 ms","timestamp":"2022-10-12"}
{"level":"info","message":"GET /funcionalidades 304 - - 502.470 ms","timestamp":"2022-10-12"}
{"level":"info","message":"GET /funcionalidades 304 - - 501.544 ms","timestamp":"2022-10-12"}
{"level":"info","message":"GET /funcionalidades 304 - - 501.571 ms","timestamp":"2022-10-12"}
{"level":"info","message":"GET /funcionalidades 304 - - 503.222 ms","timestamp":"2022-10-12"}
{"level":"info","message":"GET /funcionalidades 304 - - 504.932 ms","timestamp":"2022-10-12"}
{"level":"info","message":"GET /funcionalidades 304 - - 500.774 ms","timestamp":"2022-10-12"}
{"level":"info","message":"GET /funcionalidades 304 - - 503.064 ms","timestamp":"2022-10-12"}
{"level":"info","message":"GET /funcionalidades 304 - - 501.356 ms","timestamp":"2022-10-12"}
{"level":"info","message":"GET /funcionalidades 304 - - 503.332 ms","timestamp":"2022-10-12"}
{"level":"info","message":"GET /funcionalidades 304 - - 501.346 ms","timestamp":"2022-10-12"}
{"level":"info","message":"GET /funcionalidades 304 - - 501.750 ms","timestamp":"2022-10-12"}
{"level":"info","message":"GET /funcionalidades 304 - - 502.076 ms","timestamp":"2022-10-12"}
{"level":"info","message":"GET /funcionalidades 304 - - 504.707 ms","timestamp":"2022-10-12"}
{"level":"info","message":"GET /funcionalidades 304 - - 502.076 ms","timestamp":"2022-10-12"}
{"level":"info","message":"GET /funcionalidades 304 - - 502.004 ms","timestamp":"2022-10-12"}
{"level":"info","message":"GET /funcionalidades 304 - - 500.998 ms","timestamp":"2022-10-12"}
{"level":"info","message":"GET /funcionalidades 304 - - 503.840 ms","timestamp":"2022-10-12"}
{"level":"info","message":"GET /funcionalidades 304 - - 503.147 ms","timestamp":"2022-10-12"}
{"level":"info","message":"GET /funcionalidades 304 - - 501.278 ms","timestamp":"2022-10-12"}
{"level":"info","message":"GET /funcionalidades 304 - - 501.586 ms","timestamp":"2022-10-12"}
{"level":"info","message":"GET /funcionalidades 304 - - 501.840 ms","timestamp":"2022-10-12"}
{"level":"info","message":"GET /funcionalidades 304 - - 502.392 ms","timestamp":"2022-10-12"}
{"level":"info","message":"GET /funcionalidades 304 - - 501.718 ms","timestamp":"2022-10-12"}
{"level":"info","message":"GET /funcionalidades 304 - - 501.624 ms","timestamp":"2022-10-12"}
{"level":"info","message":"GET /funcionalidades 304 - - 503.570 ms","timestamp":"2022-10-12"}
{"level":"info","message":"OPTIONS /municipios 204 0 - 0.536 ms","timestamp":"2022-10-12"}
{"level":"info","message":"GET /municipios 304 - - 504.867 ms","timestamp":"2022-10-12"}
{"level":"info","message":"OPTIONS /municipios 204 0 - 0.581 ms","timestamp":"2022-10-12"}
{"level":"info","message":"GET /municipios 304 - - 502.276 ms","timestamp":"2022-10-12"}
{"level":"info","message":"OPTIONS /funcionalidades 204 0 - 0.468 ms","timestamp":"2022-10-12"}
{"level":"info","message":"GET /funcionalidades 304 - - 502.253 ms","timestamp":"2022-10-12"}
{"level":"info","message":"OPTIONS /funcionalidades 204 0 - 0.415 ms","timestamp":"2022-10-12"}
{"level":"info","message":"GET /funcionalidades 304 - - 501.195 ms","timestamp":"2022-10-12"}
{"level":"info","message":"GET /funcionalidades 304 - - 501.178 ms","timestamp":"2022-10-12"}
{"level":"info","message":"OPTIONS /funcionalidades 204 0 - 0.461 ms","timestamp":"2022-10-12"}
{"level":"info","message":"GET /funcionalidades 304 - - 501.174 ms","timestamp":"2022-10-12"}
{"level":"info","message":"GET /funcionalidades 304 - - 500.834 ms","timestamp":"2022-10-12"}
{"level":"info","message":"OPTIONS /funcionalidades 204 0 - 0.479 ms","timestamp":"2022-10-12"}
{"level":"info","message":"GET /funcionalidades 304 - - 501.564 ms","timestamp":"2022-10-12"}
{"level":"info","message":"GET /funcionalidades 304 - - 501.455 ms","timestamp":"2022-10-12"}
{"level":"info","message":"OPTIONS /funcionalidades 204 0 - 0.581 ms","timestamp":"2022-10-12"}
{"level":"info","message":"GET /funcionalidades 304 - - 501.085 ms","timestamp":"2022-10-12"}
{"level":"info","message":"OPTIONS /funcionalidades 204 0 - 0.570 ms","timestamp":"2022-10-12"}
{"level":"info","message":"GET /funcionalidades 304 - - 503.524 ms","timestamp":"2022-10-12"}
{"level":"info","message":"OPTIONS /funcionalidades 204 0 - 0.459 ms","timestamp":"2022-10-12"}
{"level":"info","message":"GET /funcionalidades 304 - - 501.322 ms","timestamp":"2022-10-12"}
{"level":"info","message":"GET /funcionalidades 304 - - 502.302 ms","timestamp":"2022-10-12"}
{"level":"info","message":"OPTIONS /funcionalidades 204 0 - 0.787 ms","timestamp":"2022-10-12"}
{"level":"info","message":"GET /funcionalidades 304 - - 503.412 ms","timestamp":"2022-10-12"}
{"level":"info","message":"GET /funcionalidades 304 - - 501.062 ms","timestamp":"2022-10-12"}
{"level":"info","message":"OPTIONS /funcionalidades 204 0 - 0.615 ms","timestamp":"2022-10-12"}
{"level":"info","message":"GET /funcionalidades 304 - - 501.333 ms","timestamp":"2022-10-12"}
{"level":"info","message":"OPTIONS /funcionalidades 204 0 - 0.355 ms","timestamp":"2022-10-12"}
{"level":"info","message":"GET /funcionalidades 304 - - 501.097 ms","timestamp":"2022-10-12"}
{"level":"info","message":"GET /funcionalidades 304 - - 502.450 ms","timestamp":"2022-10-12"}
{"level":"info","message":"OPTIONS /funcionalidades 204 0 - 0.387 ms","timestamp":"2022-10-12"}
{"level":"info","message":"GET /funcionalidades 304 - - 521.336 ms","timestamp":"2022-10-12"}
{"level":"info","message":"OPTIONS /funcionalidades 204 0 - 0.484 ms","timestamp":"2022-10-12"}
{"level":"info","message":"GET /funcionalidades 304 - - 502.410 ms","timestamp":"2022-10-12"}
{"level":"info","message":"OPTIONS /funcionalidades 204 0 - 0.657 ms","timestamp":"2022-10-12"}
{"level":"info","message":"GET /funcionalidades 304 - - 503.321 ms","timestamp":"2022-10-12"}
{"level":"info","message":"OPTIONS /representantes 204 0 - 0.439 ms","timestamp":"2022-10-12"}
{"level":"info","message":"GET /representantes 304 - - 507.720 ms","timestamp":"2022-10-12"}
{"level":"info","message":"GET /representantes 304 - - 503.953 ms","timestamp":"2022-10-12"}
{"level":"info","message":"GET /users/enabled/true 304 - - 2.846 ms","timestamp":"2022-10-12"}
{"level":"info","message":"GET /empresas-instituciones/ 304 - - 502.957 ms","timestamp":"2022-10-12"}
{"level":"info","message":"OPTIONS /representantes 204 0 - 0.440 ms","timestamp":"2022-10-12"}
{"level":"info","message":"GET /representantes 304 - - 502.156 ms","timestamp":"2022-10-12"}
{"level":"info","message":"OPTIONS /representantes 204 0 - 0.398 ms","timestamp":"2022-10-12"}
{"level":"info","message":"GET /representantes 304 - - 502.861 ms","timestamp":"2022-10-12"}
{"level":"info","message":"OPTIONS /funcionalidades 204 0 - 0.481 ms","timestamp":"2022-10-12"}
{"level":"info","message":"GET /funcionalidades 304 - - 501.268 ms","timestamp":"2022-10-12"}
{"level":"info","message":"OPTIONS /entidades-registro/enabled/true 204 0 - 0.586 ms","timestamp":"2022-10-12"}
{"level":"info","message":"OPTIONS /representantes/enabled/true 204 0 - 0.425 ms","timestamp":"2022-10-12"}
{"level":"info","message":"OPTIONS /organismos/enabled/true 204 0 - 0.424 ms","timestamp":"2022-10-12"}
{"level":"info","message":"OPTIONS /empresas-instituciones/ 204 0 - 0.436 ms","timestamp":"2022-10-12"}
{"level":"info","message":"GET /entidades-registro/enabled/true 304 - - 4.557 ms","timestamp":"2022-10-12"}
{"level":"info","message":"GET /representantes/enabled/true 304 - - 2.194 ms","timestamp":"2022-10-12"}
{"level":"info","message":"GET /organismos/enabled/true 304 - - 1.524 ms","timestamp":"2022-10-12"}
{"level":"info","message":"GET /empresas-instituciones/ 304 - - 501.285 ms","timestamp":"2022-10-12"}
{"level":"info","message":"OPTIONS /representantes/1 204 0 - 0.455 ms","timestamp":"2022-10-12"}
{"level":"info","message":"GET /representantes/1 304 - - 4.733 ms","timestamp":"2022-10-12"}
{"level":"info","message":"OPTIONS /funcionalidades 204 0 - 0.831 ms","timestamp":"2022-10-12"}
{"level":"info","message":"GET /funcionalidades 304 - - 503.237 ms","timestamp":"2022-10-12"}
{"level":"info","message":"OPTIONS /funcionalidades 204 0 - 0.416 ms","timestamp":"2022-10-12"}
{"level":"info","message":"GET /funcionalidades 304 - - 502.433 ms","timestamp":"2022-10-12"}
{"level":"info","message":"OPTIONS /funcionalidades 204 0 - 0.429 ms","timestamp":"2022-10-12"}
{"level":"info","message":"GET /funcionalidades 304 - - 501.034 ms","timestamp":"2022-10-12"}
{"level":"info","message":"GET /funcionalidades 304 - - 518.495 ms","timestamp":"2022-10-12"}
{"level":"info","message":"OPTIONS /funcionalidades 204 0 - 0.467 ms","timestamp":"2022-10-12"}
{"level":"info","message":"GET /funcionalidades 304 - - 500.422 ms","timestamp":"2022-10-12"}
{"level":"info","message":"GET /funcionalidades 304 - - 500.767 ms","timestamp":"2022-10-12"}
{"level":"info","message":"GET /funcionalidades 304 - - 502.003 ms","timestamp":"2022-10-12"}
{"level":"info","message":"OPTIONS /funcionalidades 204 0 - 0.429 ms","timestamp":"2022-10-12"}
{"level":"info","message":"GET /funcionalidades 304 - - 501.226 ms","timestamp":"2022-10-12"}
{"level":"info","message":"GET /funcionalidades 304 - - 501.523 ms","timestamp":"2022-10-12"}
{"level":"info","message":"OPTIONS /funcionalidades 204 0 - 0.416 ms","timestamp":"2022-10-12"}
{"level":"info","message":"GET /funcionalidades 304 - - 520.476 ms","timestamp":"2022-10-12"}
{"level":"info","message":"OPTIONS /funcionalidades 204 0 - 0.489 ms","timestamp":"2022-10-12"}
{"level":"info","message":"GET /funcionalidades 304 - - 506.056 ms","timestamp":"2022-10-12"}
{"level":"info","message":"OPTIONS /funcionalidades 204 0 - 0.407 ms","timestamp":"2022-10-12"}
{"level":"info","message":"GET /funcionalidades 304 - - 527.713 ms","timestamp":"2022-10-12"}
{"level":"info","message":"GET /funcionalidades 304 - - 501.883 ms","timestamp":"2022-10-12"}
{"level":"info","message":"OPTIONS /funcionalidades 204 0 - 6.111 ms","timestamp":"2022-10-12"}
{"level":"info","message":"GET /funcionalidades 304 - - 544.368 ms","timestamp":"2022-10-12"}
{"level":"info","message":"OPTIONS /funcionalidades 204 0 - 0.675 ms","timestamp":"2022-10-12"}
{"level":"info","message":"GET /funcionalidades 304 - - 501.550 ms","timestamp":"2022-10-12"}
{"level":"info","message":"GET /funcionalidades 304 - - 504.839 ms","timestamp":"2022-10-12"}
{"level":"info","message":"OPTIONS /funcionalidades 204 0 - 0.443 ms","timestamp":"2022-10-12"}
{"level":"info","message":"GET /funcionalidades 304 - - 501.660 ms","timestamp":"2022-10-12"}
{"level":"info","message":"OPTIONS /funcionalidades 204 0 - 0.747 ms","timestamp":"2022-10-12"}
{"level":"info","message":"GET /funcionalidades 304 - - 515.446 ms","timestamp":"2022-10-12"}
{"level":"info","message":"GET /funcionalidades 304 - - 501.082 ms","timestamp":"2022-10-12"}
{"level":"info","message":"OPTIONS /funcionalidades 204 0 - 0.504 ms","timestamp":"2022-10-12"}
{"level":"info","message":"GET /funcionalidades 304 - - 501.756 ms","timestamp":"2022-10-12"}
{"level":"info","message":"GET /funcionalidades 304 - - 501.617 ms","timestamp":"2022-10-12"}
{"level":"info","message":"OPTIONS /funcionalidades 204 0 - 0.671 ms","timestamp":"2022-10-12"}
{"level":"info","message":"GET /funcionalidades 304 - - 500.900 ms","timestamp":"2022-10-12"}
{"level":"info","message":"GET /funcionalidades 304 - - 502.950 ms","timestamp":"2022-10-12"}
{"level":"info","message":"OPTIONS /funcionalidades 204 0 - 0.652 ms","timestamp":"2022-10-12"}
{"level":"info","message":"GET /funcionalidades 304 - - 545.022 ms","timestamp":"2022-10-12"}
{"level":"info","message":"GET /funcionalidades 304 - - 501.897 ms","timestamp":"2022-10-12"}
{"level":"info","message":"OPTIONS /funcionalidades 204 0 - 3.333 ms","timestamp":"2022-10-12"}
{"level":"info","message":"GET /funcionalidades 304 - - 500.790 ms","timestamp":"2022-10-12"}
{"level":"info","message":"OPTIONS /funcionalidades 204 0 - 0.374 ms","timestamp":"2022-10-12"}
{"level":"info","message":"GET /funcionalidades 304 - - 501.295 ms","timestamp":"2022-10-12"}
{"level":"info","message":"OPTIONS /funcionalidades 204 0 - 0.341 ms","timestamp":"2022-10-12"}
{"level":"info","message":"GET /funcionalidades 304 - - 501.685 ms","timestamp":"2022-10-12"}
{"level":"info","message":"GET /funcionalidades 304 - - 500.957 ms","timestamp":"2022-10-12"}
{"level":"info","message":"GET /funcionalidades 304 - - 506.156 ms","timestamp":"2022-10-12"}
{"level":"info","message":"GET /funcionalidades 304 - - 525.444 ms","timestamp":"2022-10-12"}
{"level":"info","message":"OPTIONS /login 204 0 - 2.298 ms","timestamp":"2022-10-12"}
{"level":"info","message":"POST /login 202 332 - 471.619 ms","timestamp":"2022-10-12"}
{"level":"info","message":"GET /funcionalidades 304 - - 505.880 ms","timestamp":"2022-10-12"}
